run_id=inject-bad
raw_records=247
cleaned_records=37
quarantine_records=210
cleaned_csv=artifacts\cleaned\cleaned_inject-bad.csv
quarantine_csv=artifacts\quarantine\quarantine_inject-bad.csv
expectation[min_one_row] OK (halt) :: cleaned_rows=37
expectation[no_empty_doc_id] OK (halt) :: empty_doc_id_count=0
expectation[refund_no_stale_14d_window] FAIL (halt) :: violations=2
expectation[chunk_min_length_8] OK (warn) :: short_chunks=0
expectation[effective_date_iso_yyyy_mm_dd] OK (halt) :: non_iso_rows=0
expectation[hr_leave_no_stale_10d_annual] OK (halt) :: violations=0
expectation[required_grading_doc_coverage] OK (halt) :: missing_doc_ids=[]
expectation[unique_chunk_id] OK (halt) :: duplicate_chunk_ids=0
expectation[exported_at_iso_datetime] OK (halt) :: invalid_exported_at=0
expectation[no_ambiguous_chunk_text] OK (warn) :: ambiguous_chunks=0
WARN: expectation failed but --skip-validate → tiếp tục embed (chỉ dùng cho demo Sprint 3).
local_index_written=artifacts\local_index\day10_kb.json
embed_upsert count=37 collection=day10_kb
manifest_written=artifacts\manifests\manifest_inject-bad.json
freshness_check=FAIL {"latest_exported_at": "2026-04-11T00:00:00", "age_hours": 1447.559, "sla_hours": 24.0, "reason": "freshness_sla_exceeded"}
PIPELINE_OK
